\BOOKMARK [1][]{Doc-Start}{\376\377\000E\000x\000e\000c\000u\000t\000i\000v\000e\000\040\000S\000u\000m\000m\000a\000r\000y}{}% 1
\BOOKMARK [1][]{section.1}{\376\377\0001\000\040\000C\000o\000m\000p\000a\000n\000y\000\040\000O\000v\000e\000r\000v\000i\000e\000w}{}% 2
\BOOKMARK [2][]{subsection.1.1}{\376\377\0001\000.\0001\000\040\000V\000i\000s\000i\000o\000n\000\040\000a\000n\000d\000\040\000M\000i\000s\000s\000i\000o\000n}{section.1}% 3
\BOOKMARK [2][]{subsection.1.2}{\376\377\0001\000.\0002\000\040\000C\000o\000m\000p\000a\000n\000y\000\040\000S\000t\000r\000u\000c\000t\000u\000r\000e}{section.1}% 4
\BOOKMARK [2][]{subsection.1.3}{\376\377\0001\000.\0003\000\040\000F\000o\000u\000n\000d\000i\000n\000g\000\040\000T\000e\000a\000m}{section.1}% 5
\BOOKMARK [2][]{subsection.1.4}{\376\377\0001\000.\0004\000\040\000L\000e\000g\000a\000l\000\040\000S\000t\000r\000u\000c\000t\000u\000r\000e\000\040\000a\000n\000d\000\040\000G\000o\000v\000e\000r\000n\000a\000n\000c\000e}{section.1}% 6
\BOOKMARK [2][]{subsection.1.5}{\376\377\0001\000.\0005\000\040\000S\000t\000r\000a\000t\000e\000g\000i\000c\000\040\000P\000a\000r\000t\000n\000e\000r\000s\000h\000i\000p\000s}{section.1}% 7
\BOOKMARK [2][]{subsection.1.6}{\376\377\0001\000.\0006\000\040\000C\000o\000m\000p\000e\000t\000i\000t\000i\000v\000e\000\040\000A\000d\000v\000a\000n\000t\000a\000g\000e\000s}{section.1}% 8
\BOOKMARK [2][]{subsection.1.7}{\376\377\0001\000.\0007\000\040\000C\000o\000r\000e\000\040\000V\000a\000l\000u\000e\000s}{section.1}% 9
\BOOKMARK [1][]{section.2}{\376\377\0002\000\040\000M\000a\000r\000k\000e\000t\000\040\000O\000p\000p\000o\000r\000t\000u\000n\000i\000t\000y}{}% 10
\BOOKMARK [2][]{subsection.2.1}{\376\377\0002\000.\0001\000\040\000A\000I\000\040\000T\000r\000a\000i\000n\000i\000n\000g\000\040\000M\000a\000r\000k\000e\000t\000\040\000A\000n\000a\000l\000y\000s\000i\000s}{section.2}% 11
\BOOKMARK [2][]{subsection.2.2}{\376\377\0002\000.\0002\000\040\000T\000a\000r\000g\000e\000t\000\040\000M\000a\000r\000k\000e\000t\000\040\000S\000e\000g\000m\000e\000n\000t\000s}{section.2}% 12
\BOOKMARK [3][]{subsubsection.2.2.1}{\376\377\0002\000.\0002\000.\0001\000\040\000P\000r\000i\000m\000a\000r\000y\000\040\000M\000a\000r\000k\000e\000t\000s}{subsection.2.2}% 13
\BOOKMARK [2][]{subsection.2.3}{\376\377\0002\000.\0003\000\040\000M\000a\000r\000k\000e\000t\000\040\000T\000r\000e\000n\000d\000s\000\040\000a\000n\000d\000\040\000D\000r\000i\000v\000e\000r\000s}{section.2}% 14
\BOOKMARK [2][]{subsection.2.4}{\376\377\0002\000.\0004\000\040\000C\000o\000m\000p\000e\000t\000i\000t\000i\000v\000e\000\040\000L\000a\000n\000d\000s\000c\000a\000p\000e}{section.2}% 15
\BOOKMARK [2][]{subsection.2.5}{\376\377\0002\000.\0005\000\040\000N\000o\000r\000t\000h\000\040\000W\000e\000s\000t\000\040\000T\000e\000c\000h\000n\000o\000l\000o\000g\000y\000\040\000S\000e\000c\000t\000o\000r\000\040\000G\000r\000o\000w\000t\000h}{section.2}% 16
\BOOKMARK [2][]{subsection.2.6}{\376\377\0002\000.\0006\000\040\000H\000o\000l\000i\000d\000a\000y\000\040\000L\000e\000t\000\040\000M\000a\000r\000k\000e\000t\000\040\000i\000n\000\040\000C\000u\000m\000b\000r\000i\000a}{section.2}% 17
\BOOKMARK [2][]{subsection.2.7}{\376\377\0002\000.\0007\000\040\000M\000a\000r\000k\000e\000t\000\040\000E\000n\000t\000r\000y\000\040\000S\000t\000r\000a\000t\000e\000g\000y}{section.2}% 18
\BOOKMARK [2][]{subsection.2.8}{\376\377\0002\000.\0008\000\040\000A\000d\000d\000r\000e\000s\000s\000a\000b\000l\000e\000\040\000M\000a\000r\000k\000e\000t\000\040\000C\000a\000l\000c\000u\000l\000a\000t\000i\000o\000n}{section.2}% 19
\BOOKMARK [1][]{section.3}{\376\377\0003\000\040\000R\000e\000v\000e\000n\000u\000e\000\040\000M\000o\000d\000e\000l\000\040\000C\000o\000m\000p\000a\000r\000i\000s\000o\000n}{}% 20
\BOOKMARK [2][]{subsection.3.1}{\376\377\0003\000.\0001\000\040\000E\000x\000e\000c\000u\000t\000i\000v\000e\000\040\000S\000u\000m\000m\000a\000r\000y}{section.3}% 21
\BOOKMARK [2][]{subsection.3.2}{\376\377\0003\000.\0002\000\040\000A\000i\000r\000b\000n\000b\000-\000O\000n\000l\000y\000\040\000M\000o\000d\000e\000l}{section.3}% 22
\BOOKMARK [2][]{subsection.3.3}{\376\377\0003\000.\0003\000\040\000I\000n\000t\000e\000g\000r\000a\000t\000e\000d\000\040\000T\000r\000a\000i\000n\000i\000n\000g\000\040\000+\000\040\000H\000o\000l\000i\000d\000a\000y\000\040\000L\000e\000t\000\040\000M\000o\000d\000e\000l}{section.3}% 23
\BOOKMARK [2][]{subsection.3.4}{\376\377\0003\000.\0004\000\040\000R\000e\000v\000e\000n\000u\000e\000\040\000S\000t\000r\000e\000a\000m\000\040\000A\000n\000a\000l\000y\000s\000i\000s}{section.3}% 24
\BOOKMARK [3][]{subsubsection.3.4.1}{\376\377\0003\000.\0004\000.\0001\000\040\000E\000x\000e\000c\000u\000t\000i\000v\000e\000\040\000A\000I\000\040\000T\000r\000a\000i\000n\000i\000n\000g\000\040\000\050\0007\0009\000\045\000\040\000o\000f\000\040\000r\000e\000v\000e\000n\000u\000e\000\051}{subsection.3.4}% 25
\BOOKMARK [3][]{subsubsection.3.4.2}{\376\377\0003\000.\0004\000.\0002\000\040\000S\000e\000l\000e\000c\000t\000i\000v\000e\000\040\000H\000o\000l\000i\000d\000a\000y\000\040\000L\000e\000t\000t\000i\000n\000g\000\040\000\050\0001\0008\000\045\000\040\000o\000f\000\040\000r\000e\000v\000e\000n\000u\000e\000\051}{subsection.3.4}% 26
\BOOKMARK [3][]{subsubsection.3.4.3}{\376\377\0003\000.\0004\000.\0003\000\040\000G\000P\000U\000\040\000C\000l\000o\000u\000d\000\040\000R\000e\000n\000t\000a\000l\000\040\000\050\0003\000\045\000\040\000o\000f\000\040\000r\000e\000v\000e\000n\000u\000e\000\051}{subsection.3.4}% 27
\BOOKMARK [2][]{subsection.3.5}{\376\377\0003\000.\0005\000\040\000F\000i\000n\000a\000n\000c\000i\000a\000l\000\040\000A\000d\000v\000a\000n\000t\000a\000g\000e\000s\000\040\000o\000f\000\040\000I\000n\000t\000e\000g\000r\000a\000t\000e\000d\000\040\000M\000o\000d\000e\000l}{section.3}% 28
\BOOKMARK [2][]{subsection.3.6}{\376\377\0003\000.\0006\000\040\000K\000e\000y\000\040\000S\000u\000c\000c\000e\000s\000s\000\040\000F\000a\000c\000t\000o\000r\000s}{section.3}% 29
\BOOKMARK [2][]{subsection.3.7}{\376\377\0003\000.\0007\000\040\000I\000n\000v\000e\000s\000t\000m\000e\000n\000t\000\040\000R\000e\000t\000u\000r\000n\000s\000\040\000C\000o\000m\000p\000a\000r\000i\000s\000o\000n}{section.3}% 30
\BOOKMARK [2][]{subsection.3.8}{\376\377\0003\000.\0008\000\040\000S\000t\000r\000a\000t\000e\000g\000i\000c\000\040\000A\000d\000v\000a\000n\000t\000a\000g\000e\000s}{section.3}% 31
\BOOKMARK [2][]{subsection.3.9}{\376\377\0003\000.\0009\000\040\000C\000o\000n\000c\000l\000u\000s\000i\000o\000n}{section.3}% 32
\BOOKMARK [1][]{section.4}{\376\377\0004\000\040\000S\000e\000r\000v\000i\000c\000e\000\040\000O\000f\000f\000e\000r\000i\000n\000g\000s}{}% 33
\BOOKMARK [2][]{subsection.4.1}{\376\377\0004\000.\0001\000\040\000C\000r\000e\000a\000t\000i\000v\000e\000\040\000T\000e\000c\000h\000n\000o\000l\000o\000g\000y\000\040\000T\000r\000a\000i\000n\000i\000n\000g\000\040\000P\000r\000o\000g\000r\000a\000m\000m\000e\000s}{section.4}% 34
\BOOKMARK [3][]{subsubsection.4.1.1}{\376\377\0004\000.\0001\000.\0001\000\040\000V\000i\000r\000t\000u\000a\000l\000\040\000P\000r\000o\000d\000u\000c\000t\000i\000o\000n\000\040\000M\000a\000s\000t\000e\000r\000c\000l\000a\000s\000s}{subsection.4.1}% 35
\BOOKMARK [3][]{subsubsection.4.1.2}{\376\377\0004\000.\0001\000.\0002\000\040\000E\000n\000g\000i\000n\000e\000e\000r\000i\000n\000g\000\040\000S\000i\000m\000u\000l\000a\000t\000i\000o\000n\000\040\000V\000i\000s\000u\000a\000l\000i\000z\000a\000t\000i\000o\000n}{subsection.4.1}% 36
\BOOKMARK [3][]{subsubsection.4.1.3}{\376\377\0004\000.\0001\000.\0003\000\040\000E\000m\000e\000r\000g\000i\000n\000g\000\040\000T\000e\000c\000h\000n\000o\000l\000o\000g\000i\000e\000s}{subsection.4.1}% 37
\BOOKMARK [2][]{subsection.4.2}{\376\377\0004\000.\0002\000\040\000A\000I\000/\000M\000L\000\040\000f\000o\000r\000\040\000C\000r\000e\000a\000t\000i\000v\000e\000\040\000I\000n\000d\000u\000s\000t\000r\000i\000e\000s}{section.4}% 38
\BOOKMARK [3][]{subsubsection.4.2.1}{\376\377\0004\000.\0002\000.\0001\000\040\000F\000o\000u\000n\000d\000a\000t\000i\000o\000n\000a\000l\000\040\000P\000r\000o\000g\000r\000a\000m\000s}{subsection.4.2}% 39
\BOOKMARK [2][]{subsection.4.3}{\376\377\0004\000.\0003\000\040\000C\000o\000r\000p\000o\000r\000a\000t\000e\000\040\000I\000n\000n\000o\000v\000a\000t\000i\000o\000n\000\040\000P\000a\000c\000k\000a\000g\000e\000s}{section.4}% 40
\BOOKMARK [3][]{subsubsection.4.3.1}{\376\377\0004\000.\0003\000.\0001\000\040\000S\000t\000u\000d\000i\000o\000\040\000T\000r\000a\000n\000s\000f\000o\000r\000m\000a\000t\000i\000o\000n\000\040\000P\000r\000o\000g\000r\000a\000m\000s}{subsection.4.3}% 41
\BOOKMARK [3][]{subsubsection.4.3.2}{\376\377\0004\000.\0003\000.\0002\000\040\000I\000n\000n\000o\000v\000a\000t\000i\000o\000n\000\040\000L\000a\000b\000\040\000S\000e\000r\000v\000i\000c\000e\000s}{subsection.4.3}% 42
\BOOKMARK [2][]{subsection.4.4}{\376\377\0004\000.\0004\000\040\000H\000y\000b\000r\000i\000d\000\040\000a\000n\000d\000\040\000O\000n\000l\000i\000n\000e\000\040\000O\000f\000f\000e\000r\000i\000n\000g\000s}{section.4}% 43
\BOOKMARK [2][]{subsection.4.5}{\376\377\0004\000.\0005\000\040\000E\000q\000u\000i\000p\000m\000e\000n\000t\000\040\000\046\000\040\000F\000a\000c\000i\000l\000i\000t\000y\000\040\000R\000e\000n\000t\000a\000l}{section.4}% 44
\BOOKMARK [2][]{subsection.4.6}{\376\377\0004\000.\0006\000\040\000R\000e\000s\000i\000d\000e\000n\000t\000i\000a\000l\000\040\000R\000e\000t\000r\000e\000a\000t\000\040\000P\000a\000c\000k\000a\000g\000e\000s}{section.4}% 45
\BOOKMARK [3][]{subsubsection.4.6.1}{\376\377\0004\000.\0006\000.\0001\000\040\000C\000r\000e\000a\000t\000i\000v\000e\000\040\000R\000e\000s\000i\000d\000e\000n\000c\000i\000e\000s}{subsection.4.6}% 46
\BOOKMARK [2][]{subsection.4.7}{\376\377\0004\000.\0007\000\040\000N\000u\000c\000l\000e\000a\000r\000\040\000\046\000\040\000E\000n\000e\000r\000g\000y\000\040\000S\000e\000c\000t\000o\000r\000\040\000T\000r\000a\000i\000n\000i\000n\000g}{section.4}% 47
\BOOKMARK [2][]{subsection.4.8}{\376\377\0004\000.\0008\000\040\000R\000e\000v\000e\000n\000u\000e\000\040\000M\000i\000x\000\040\000S\000t\000r\000a\000t\000e\000g\000y\000\040\000-\000\040\000U\000p\000d\000a\000t\000e\000d}{section.4}% 48
\BOOKMARK [1][]{section.5}{\376\377\0005\000\040\000F\000a\000c\000i\000l\000i\000t\000y\000\040\000D\000e\000s\000c\000r\000i\000p\000t\000i\000o\000n}{}% 49
\BOOKMARK [2][]{subsection.5.1}{\376\377\0005\000.\0001\000\040\000L\000o\000c\000a\000t\000i\000o\000n\000\040\000a\000n\000d\000\040\000S\000e\000t\000t\000i\000n\000g}{section.5}% 50
\BOOKMARK [2][]{subsection.5.2}{\376\377\0005\000.\0002\000\040\000V\000i\000r\000t\000u\000a\000l\000\040\000P\000r\000o\000d\000u\000c\000t\000i\000o\000n\000\040\000F\000a\000c\000i\000l\000i\000t\000y}{section.5}% 51
\BOOKMARK [3][]{subsubsection.5.2.1}{\376\377\0005\000.\0002\000.\0001\000\040\000L\000E\000D\000\040\000V\000o\000l\000u\000m\000e\000\040\000S\000t\000a\000g\000e}{subsection.5.2}% 52
\BOOKMARK [3][]{subsubsection.5.2.2}{\376\377\0005\000.\0002\000.\0002\000\040\000M\000o\000t\000i\000o\000n\000\040\000C\000a\000p\000t\000u\000r\000e\000\040\000S\000t\000u\000d\000i\000o}{subsection.5.2}% 53
\BOOKMARK [2][]{subsection.5.3}{\376\377\0005\000.\0003\000\040\000C\000r\000e\000a\000t\000i\000v\000e\000\040\000T\000e\000c\000h\000n\000o\000l\000o\000g\000y\000\040\000L\000a\000b\000s}{section.5}% 54
\BOOKMARK [3][]{subsubsection.5.3.1}{\376\377\0005\000.\0003\000.\0001\000\040\000G\000a\000u\000s\000s\000i\000a\000n\000\040\000S\000p\000l\000a\000t\000t\000i\000n\000g\000\040\000\046\000\040\000N\000e\000u\000r\000a\000l\000\040\000R\000e\000n\000d\000e\000r\000i\000n\000g\000\040\000L\000a\000b}{subsection.5.3}% 55
\BOOKMARK [3][]{subsubsection.5.3.2}{\376\377\0005\000.\0003\000.\0002\000\040\000T\000e\000l\000e\000p\000r\000e\000s\000e\000n\000c\000e\000\040\000\046\000\040\000X\000R\000\040\000L\000a\000b\000o\000r\000a\000t\000o\000r\000y}{subsection.5.3}% 56
\BOOKMARK [2][]{subsection.5.4}{\376\377\0005\000.\0004\000\040\000E\000n\000g\000i\000n\000e\000e\000r\000i\000n\000g\000\040\000S\000i\000m\000u\000l\000a\000t\000i\000o\000n\000\040\000V\000i\000s\000u\000a\000l\000i\000z\000a\000t\000i\000o\000n\000\040\000S\000u\000i\000t\000e}{section.5}% 57
\BOOKMARK [3][]{subsubsection.5.4.1}{\376\377\0005\000.\0004\000.\0001\000\040\000H\000a\000r\000d\000w\000a\000r\000e\000\040\000I\000n\000f\000r\000a\000s\000t\000r\000u\000c\000t\000u\000r\000e}{subsection.5.4}% 58
\BOOKMARK [3][]{subsubsection.5.4.2}{\376\377\0005\000.\0004\000.\0002\000\040\000S\000o\000f\000t\000w\000a\000r\000e\000\040\000E\000c\000o\000s\000y\000s\000t\000e\000m}{subsection.5.4}% 59
\BOOKMARK [2][]{subsection.5.5}{\376\377\0005\000.\0005\000\040\000D\000r\000o\000n\000e\000\040\000T\000e\000c\000h\000n\000o\000l\000o\000g\000y\000\040\000C\000e\000n\000t\000e\000r}{section.5}% 60
\BOOKMARK [3][]{subsubsection.5.5.1}{\376\377\0005\000.\0005\000.\0001\000\040\000F\000l\000i\000g\000h\000t\000\040\000T\000r\000a\000i\000n\000i\000n\000g\000\040\000A\000r\000e\000a}{subsection.5.5}% 61
\BOOKMARK [3][]{subsubsection.5.5.2}{\376\377\0005\000.\0005\000.\0002\000\040\000D\000r\000o\000n\000e\000\040\000F\000l\000e\000e\000t}{subsection.5.5}% 62
\BOOKMARK [2][]{subsection.5.6}{\376\377\0005\000.\0006\000\040\000S\000u\000p\000p\000o\000r\000t\000i\000n\000g\000\040\000I\000n\000f\000r\000a\000s\000t\000r\000u\000c\000t\000u\000r\000e}{section.5}% 63
\BOOKMARK [3][]{subsubsection.5.6.1}{\376\377\0005\000.\0006\000.\0001\000\040\000C\000o\000m\000p\000u\000t\000e\000\040\000a\000n\000d\000\040\000R\000e\000n\000d\000e\000r\000i\000n\000g\000\040\000F\000a\000r\000m}{subsection.5.6}% 64
\BOOKMARK [3][]{subsubsection.5.6.2}{\376\377\0005\000.\0006\000.\0002\000\040\000C\000o\000l\000l\000a\000b\000o\000r\000a\000t\000i\000o\000n\000\040\000S\000p\000a\000c\000e\000s}{subsection.5.6}% 65
\BOOKMARK [2][]{subsection.5.7}{\376\377\0005\000.\0007\000\040\000S\000u\000s\000t\000a\000i\000n\000a\000b\000l\000e\000\040\000F\000e\000a\000t\000u\000r\000e\000s\000\040\000-\000\040\000E\000n\000h\000a\000n\000c\000e\000d}{section.5}% 66
\BOOKMARK [3][]{subsubsection.5.7.1}{\376\377\0005\000.\0007\000.\0001\000\040\000R\000e\000n\000e\000w\000a\000b\000l\000e\000\040\000E\000n\000e\000r\000g\000y\000\040\000S\000y\000s\000t\000e\000m}{subsection.5.7}% 67
\BOOKMARK [3][]{subsubsection.5.7.2}{\376\377\0005\000.\0007\000.\0002\000\040\000S\000u\000s\000t\000a\000i\000n\000a\000b\000l\000e\000\040\000T\000e\000c\000h\000n\000o\000l\000o\000g\000y\000\040\000P\000r\000a\000c\000t\000i\000c\000e\000s}{subsection.5.7}% 68
\BOOKMARK [2][]{subsection.5.8}{\376\377\0005\000.\0008\000\040\000A\000c\000c\000o\000m\000m\000o\000d\000a\000t\000i\000o\000n\000\040\000F\000e\000a\000t\000u\000r\000e\000s\000\040\000-\000\040\000T\000e\000c\000h\000\040\000E\000n\000h\000a\000n\000c\000e\000d}{section.5}% 69
\BOOKMARK [3][]{subsubsection.5.8.1}{\376\377\0005\000.\0008\000.\0001\000\040\000S\000m\000a\000r\000t\000\040\000R\000e\000s\000i\000d\000e\000n\000c\000e\000\040\000F\000e\000a\000t\000u\000r\000e\000s}{subsection.5.8}% 70
\BOOKMARK [2][]{subsection.5.9}{\376\377\0005\000.\0009\000\040\000A\000c\000c\000e\000s\000s\000i\000b\000i\000l\000i\000t\000y\000\040\000a\000n\000d\000\040\000I\000n\000c\000l\000u\000s\000i\000v\000i\000t\000y}{section.5}% 71
\BOOKMARK [1][]{section.6}{\376\377\0006\000\040\000H\000o\000u\000s\000e\000\040\000R\000e\000n\000o\000v\000a\000t\000i\000o\000n\000\040\000P\000l\000a\000n}{}% 72
\BOOKMARK [2][]{subsection.6.1}{\376\377\0006\000.\0001\000\040\000O\000v\000e\000r\000v\000i\000e\000w}{section.6}% 73
\BOOKMARK [2][]{subsection.6.2}{\376\377\0006\000.\0002\000\040\000R\000e\000n\000o\000v\000a\000t\000i\000o\000n\000\040\000S\000c\000o\000p\000e\000\040\000a\000n\000d\000\040\000C\000o\000s\000t\000s}{section.6}% 74
\BOOKMARK [2][]{subsection.6.3}{\376\377\0006\000.\0003\000\040\000I\000m\000p\000l\000e\000m\000e\000n\000t\000a\000t\000i\000o\000n\000\040\000T\000i\000m\000e\000l\000i\000n\000e}{section.6}% 75
\BOOKMARK [3][]{subsubsection.6.3.1}{\376\377\0006\000.\0003\000.\0001\000\040\000P\000h\000a\000s\000e\000\040\0001\000:\000\040\000E\000s\000s\000e\000n\000t\000i\000a\000l\000\040\000S\000t\000r\000u\000c\000t\000u\000r\000a\000l\000\040\000\050\000M\000o\000n\000t\000h\000s\000\040\0001\000-\0003\000\051}{subsection.6.3}% 76
\BOOKMARK [3][]{subsubsection.6.3.2}{\376\377\0006\000.\0003\000.\0002\000\040\000P\000h\000a\000s\000e\000\040\0002\000:\000\040\000C\000o\000r\000e\000\040\000I\000m\000p\000r\000o\000v\000e\000m\000e\000n\000t\000s\000\040\000\050\000M\000o\000n\000t\000h\000s\000\040\0004\000-\0009\000\051}{subsection.6.3}% 77
\BOOKMARK [3][]{subsubsection.6.3.3}{\376\377\0006\000.\0003\000.\0003\000\040\000P\000h\000a\000s\000e\000\040\0003\000:\000\040\000E\000x\000t\000e\000r\000n\000a\000l\000\040\000W\000o\000r\000k\000s\000\040\000\050\000M\000o\000n\000t\000h\000s\000\040\0001\0000\000-\0001\0005\000\051}{subsection.6.3}% 78
\BOOKMARK [3][]{subsubsection.6.3.4}{\376\377\0006\000.\0003\000.\0004\000\040\000P\000h\000a\000s\000e\000\040\0004\000:\000\040\000L\000e\000i\000s\000u\000r\000e\000\040\000I\000t\000e\000m\000s\000\040\000\050\000M\000o\000n\000t\000h\000s\000\040\0001\0006\000-\0001\0008\000\051}{subsection.6.3}% 79
\BOOKMARK [2][]{subsection.6.4}{\376\377\0006\000.\0004\000\040\000S\000o\000l\000a\000r\000\040\000P\000e\000r\000g\000o\000l\000a\000\040\000S\000y\000s\000t\000e\000m}{section.6}% 80
\BOOKMARK [2][]{subsection.6.5}{\376\377\0006\000.\0005\000\040\000I\000n\000t\000e\000g\000r\000a\000t\000i\000o\000n\000\040\000w\000i\000t\000h\000\040\000B\000u\000s\000i\000n\000e\000s\000s\000\040\000O\000p\000e\000r\000a\000t\000i\000o\000n\000s}{section.6}% 81
\BOOKMARK [2][]{subsection.6.6}{\376\377\0006\000.\0006\000\040\000P\000l\000a\000n\000n\000i\000n\000g\000\040\000a\000n\000d\000\040\000R\000e\000g\000u\000l\000a\000t\000o\000r\000y\000\040\000C\000o\000m\000p\000l\000i\000a\000n\000c\000e}{section.6}% 82
\BOOKMARK [2][]{subsection.6.7}{\376\377\0006\000.\0007\000\040\000R\000i\000s\000k\000\040\000M\000i\000t\000i\000g\000a\000t\000i\000o\000n}{section.6}% 83
\BOOKMARK [1][]{section.7}{\376\377\0007\000\040\000B\000u\000s\000i\000n\000e\000s\000s\000\040\000M\000o\000d\000e\000l\000\040\000\046\000\040\000R\000e\000v\000e\000n\000u\000e\000\040\000S\000t\000r\000e\000a\000m\000s}{}% 84
\BOOKMARK [2][]{subsection.7.1}{\376\377\0007\000.\0001\000\040\000D\000u\000a\000l\000\040\000R\000e\000v\000e\000n\000u\000e\000\040\000M\000o\000d\000e\000l\000\040\000O\000v\000e\000r\000v\000i\000e\000w}{section.7}% 85
\BOOKMARK [2][]{subsection.7.2}{\376\377\0007\000.\0002\000\040\000R\000e\000v\000e\000n\000u\000e\000\040\000S\000t\000r\000e\000a\000m\000\040\000A\000n\000a\000l\000y\000s\000i\000s}{section.7}% 86
\BOOKMARK [3][]{subsubsection.7.2.1}{\376\377\0007\000.\0002\000.\0001\000\040\000T\000r\000a\000i\000n\000i\000n\000g\000\040\000R\000e\000v\000e\000n\000u\000e\000\040\000\050\000P\000r\000i\000m\000a\000r\000y\000\051}{subsection.7.2}% 87
\BOOKMARK [3][]{subsubsection.7.2.2}{\376\377\0007\000.\0002\000.\0002\000\040\000H\000o\000l\000i\000d\000a\000y\000\040\000L\000e\000t\000\040\000R\000e\000v\000e\000n\000u\000e\000\040\000\050\000S\000e\000c\000o\000n\000d\000a\000r\000y\000\051}{subsection.7.2}% 88
\BOOKMARK [2][]{subsection.7.3}{\376\377\0007\000.\0003\000\040\000C\000u\000s\000t\000o\000m\000e\000r\000\040\000A\000c\000q\000u\000i\000s\000i\000t\000i\000o\000n\000\040\000S\000t\000r\000a\000t\000e\000g\000y}{section.7}% 89
\BOOKMARK [3][]{subsubsection.7.3.1}{\376\377\0007\000.\0003\000.\0001\000\040\000B\0002\000B\000\040\000S\000a\000l\000e\000s\000\040\000P\000r\000o\000c\000e\000s\000s}{subsection.7.3}% 90
\BOOKMARK [3][]{subsubsection.7.3.2}{\376\377\0007\000.\0003\000.\0002\000\040\000B\0002\000C\000\040\000M\000a\000r\000k\000e\000t\000i\000n\000g\000\040\000C\000h\000a\000n\000n\000e\000l\000s}{subsection.7.3}% 91
\BOOKMARK [2][]{subsection.7.4}{\376\377\0007\000.\0004\000\040\000P\000r\000i\000c\000i\000n\000g\000\040\000S\000t\000r\000a\000t\000e\000g\000y}{section.7}% 92
\BOOKMARK [3][]{subsubsection.7.4.1}{\376\377\0007\000.\0004\000.\0001\000\040\000V\000a\000l\000u\000e\000-\000B\000a\000s\000e\000d\000\040\000P\000r\000i\000c\000i\000n\000g\000\040\000M\000o\000d\000e\000l}{subsection.7.4}% 93
\BOOKMARK [3][]{subsubsection.7.4.2}{\376\377\0007\000.\0004\000.\0002\000\040\000D\000y\000n\000a\000m\000i\000c\000\040\000P\000r\000i\000c\000i\000n\000g\000\040\000E\000l\000e\000m\000e\000n\000t\000s}{subsection.7.4}% 94
\BOOKMARK [2][]{subsection.7.5}{\376\377\0007\000.\0005\000\040\000C\000u\000s\000t\000o\000m\000e\000r\000\040\000R\000e\000t\000e\000n\000t\000i\000o\000n\000\040\000S\000t\000r\000a\000t\000e\000g\000y}{section.7}% 95
\BOOKMARK [2][]{subsection.7.6}{\376\377\0007\000.\0006\000\040\000P\000a\000r\000t\000n\000e\000r\000s\000h\000i\000p\000\040\000R\000e\000v\000e\000n\000u\000e\000\040\000M\000o\000d\000e\000l}{section.7}% 96
\BOOKMARK [2][]{subsection.7.7}{\376\377\0007\000.\0007\000\040\000U\000n\000i\000t\000\040\000E\000c\000o\000n\000o\000m\000i\000c\000s}{section.7}% 97
\BOOKMARK [1][]{section.8}{\376\377\0008\000\040\000F\000i\000n\000a\000n\000c\000i\000a\000l\000\040\000P\000r\000o\000j\000e\000c\000t\000i\000o\000n\000s}{}% 98
\BOOKMARK [2][]{subsection.8.1}{\376\377\0008\000.\0001\000\040\000R\000e\000v\000e\000n\000u\000e\000\040\000M\000o\000d\000e\000l\000\040\000O\000v\000e\000r\000v\000i\000e\000w}{section.8}% 99
\BOOKMARK [3][]{subsubsection.8.1.1}{\376\377\0008\000.\0001\000.\0001\000\040\000R\000e\000v\000e\000n\000u\000e\000\040\000S\000t\000r\000e\000a\000m\000\040\000B\000r\000e\000a\000k\000d\000o\000w\000n}{subsection.8.1}% 100
\BOOKMARK [2][]{subsection.8.2}{\376\377\0008\000.\0002\000\040\000S\000t\000u\000d\000e\000n\000t\000\040\000V\000o\000l\000u\000m\000e\000\040\000P\000r\000o\000j\000e\000c\000t\000i\000o\000n\000s}{section.8}% 101
\BOOKMARK [2][]{subsection.8.3}{\376\377\0008\000.\0003\000\040\000O\000p\000e\000r\000a\000t\000i\000n\000g\000\040\000E\000x\000p\000e\000n\000s\000e\000s}{section.8}% 102
\BOOKMARK [2][]{subsection.8.4}{\376\377\0008\000.\0004\000\040\000P\000r\000o\000f\000i\000t\000a\000b\000i\000l\000i\000t\000y\000\040\000A\000n\000a\000l\000y\000s\000i\000s}{section.8}% 103
\BOOKMARK [2][]{subsection.8.5}{\376\377\0008\000.\0005\000\040\000C\000a\000s\000h\000\040\000F\000l\000o\000w\000\040\000P\000r\000o\000j\000e\000c\000t\000i\000o\000n\000s}{section.8}% 104
\BOOKMARK [2][]{subsection.8.6}{\376\377\0008\000.\0006\000\040\000I\000n\000v\000e\000s\000t\000m\000e\000n\000t\000\040\000R\000e\000q\000u\000i\000r\000e\000m\000e\000n\000t\000s\000\040\000\046\000\040\000U\000s\000e\000\040\000o\000f\000\040\000F\000u\000n\000d\000s}{section.8}% 105
\BOOKMARK [3][]{subsubsection.8.6.1}{\376\377\0008\000.\0006\000.\0001\000\040\000T\000o\000t\000a\000l\000\040\000I\000n\000v\000e\000s\000t\000m\000e\000n\000t\000:\000\040\000\243\0009\0005\0000\000,\0000\0000\0000}{subsection.8.6}% 106
\BOOKMARK [2][]{subsection.8.7}{\376\377\0008\000.\0007\000\040\000R\000e\000t\000u\000r\000n\000\040\000o\000n\000\040\000I\000n\000v\000e\000s\000t\000m\000e\000n\000t}{section.8}% 107
\BOOKMARK [2][]{subsection.8.8}{\376\377\0008\000.\0008\000\040\000S\000e\000n\000s\000i\000t\000i\000v\000i\000t\000y\000\040\000A\000n\000a\000l\000y\000s\000i\000s}{section.8}% 108
\BOOKMARK [2][]{subsection.8.9}{\376\377\0008\000.\0009\000\040\000K\000e\000y\000\040\000F\000i\000n\000a\000n\000c\000i\000a\000l\000\040\000M\000e\000t\000r\000i\000c\000s}{section.8}% 109
\BOOKMARK [1][]{section.9}{\376\377\0009\000\040\000I\000m\000p\000l\000e\000m\000e\000n\000t\000a\000t\000i\000o\000n\000\040\000T\000i\000m\000e\000l\000i\000n\000e}{}% 110
\BOOKMARK [2][]{subsection.9.1}{\376\377\0009\000.\0001\000\040\000P\000h\000a\000s\000e\000d\000\040\000D\000e\000v\000e\000l\000o\000p\000m\000e\000n\000t\000\040\000A\000p\000p\000r\000o\000a\000c\000h}{section.9}% 111
\BOOKMARK [2][]{subsection.9.2}{\376\377\0009\000.\0002\000\040\000P\000h\000a\000s\000e\000\040\0001\000:\000\040\000F\000o\000u\000n\000d\000a\000t\000i\000o\000n\000\040\000\050\000M\000o\000n\000t\000h\000s\000\040\0001\000-\0003\000\051}{section.9}% 112
\BOOKMARK [3][]{subsubsection.9.2.1}{\376\377\0009\000.\0002\000.\0001\000\040\000K\000e\000y\000\040\000O\000b\000j\000e\000c\000t\000i\000v\000e\000s}{subsection.9.2}% 113
\BOOKMARK [3][]{subsubsection.9.2.2}{\376\377\0009\000.\0002\000.\0002\000\040\000D\000e\000t\000a\000i\000l\000e\000d\000\040\000T\000i\000m\000e\000l\000i\000n\000e}{subsection.9.2}% 114
\BOOKMARK [2][]{subsection.9.3}{\376\377\0009\000.\0003\000\040\000P\000h\000a\000s\000e\000\040\0002\000:\000\040\000L\000a\000u\000n\000c\000h\000\040\000\050\000M\000o\000n\000t\000h\000s\000\040\0004\000-\0006\000\051}{section.9}% 115
\BOOKMARK [3][]{subsubsection.9.3.1}{\376\377\0009\000.\0003\000.\0001\000\040\000C\000r\000i\000t\000i\000c\000a\000l\000\040\000M\000i\000l\000e\000s\000t\000o\000n\000e\000s}{subsection.9.3}% 116
\BOOKMARK [2][]{subsection.9.4}{\376\377\0009\000.\0004\000\040\000P\000h\000a\000s\000e\000\040\0003\000:\000\040\000G\000r\000o\000w\000t\000h\000\040\000\050\000M\000o\000n\000t\000h\000s\000\040\0007\000-\0009\000\051}{section.9}% 117
\BOOKMARK [3][]{subsubsection.9.4.1}{\376\377\0009\000.\0004\000.\0001\000\040\000E\000x\000p\000a\000n\000s\000i\000o\000n\000\040\000A\000c\000t\000i\000v\000i\000t\000i\000e\000s}{subsection.9.4}% 118
\BOOKMARK [2][]{subsection.9.5}{\376\377\0009\000.\0005\000\040\000P\000h\000a\000s\000e\000\040\0004\000:\000\040\000S\000c\000a\000l\000e\000\040\000\050\000M\000o\000n\000t\000h\000s\000\040\0001\0000\000-\0001\0002\000\051}{section.9}% 119
\BOOKMARK [3][]{subsubsection.9.5.1}{\376\377\0009\000.\0005\000.\0001\000\040\000S\000c\000a\000l\000i\000n\000g\000\040\000O\000b\000j\000e\000c\000t\000i\000v\000e\000s}{subsection.9.5}% 120
\BOOKMARK [2][]{subsection.9.6}{\376\377\0009\000.\0006\000\040\000R\000e\000s\000o\000u\000r\000c\000e\000\040\000A\000l\000l\000o\000c\000a\000t\000i\000o\000n\000\040\000T\000i\000m\000e\000l\000i\000n\000e}{section.9}% 121
\BOOKMARK [2][]{subsection.9.7}{\376\377\0009\000.\0007\000\040\000T\000e\000c\000h\000n\000o\000l\000o\000g\000y\000\040\000I\000m\000p\000l\000e\000m\000e\000n\000t\000a\000t\000i\000o\000n\000\040\000S\000c\000h\000e\000d\000u\000l\000e}{section.9}% 122
\BOOKMARK [2][]{subsection.9.8}{\376\377\0009\000.\0008\000\040\000M\000a\000r\000k\000e\000t\000i\000n\000g\000\040\000a\000n\000d\000\040\000S\000a\000l\000e\000s\000\040\000T\000i\000m\000e\000l\000i\000n\000e}{section.9}% 123
\BOOKMARK [3][]{subsubsection.9.8.1}{\376\377\0009\000.\0008\000.\0001\000\040\000P\000r\000e\000-\000L\000a\000u\000n\000c\000h\000\040\000\050\000M\000o\000n\000t\000h\000s\000\040\0001\000-\0003\000\051}{subsection.9.8}% 124
\BOOKMARK [3][]{subsubsection.9.8.2}{\376\377\0009\000.\0008\000.\0002\000\040\000L\000a\000u\000n\000c\000h\000\040\000\050\000M\000o\000n\000t\000h\000s\000\040\0004\000-\0006\000\051}{subsection.9.8}% 125
\BOOKMARK [2][]{subsection.9.9}{\376\377\0009\000.\0009\000\040\000C\000r\000i\000t\000i\000c\000a\000l\000\040\000S\000u\000c\000c\000e\000s\000s\000\040\000F\000a\000c\000t\000o\000r\000s\000\040\000b\000y\000\040\000P\000h\000a\000s\000e}{section.9}% 126
\BOOKMARK [2][]{subsection.9.10}{\376\377\0009\000.\0001\0000\000\040\000R\000i\000s\000k\000\040\000M\000i\000t\000i\000g\000a\000t\000i\000o\000n\000\040\000T\000i\000m\000e\000l\000i\000n\000e}{section.9}% 127
\BOOKMARK [2][]{subsection.9.11}{\376\377\0009\000.\0001\0001\000\040\000Y\000e\000a\000r\000\040\0002\000-\0005\000\040\000S\000t\000r\000a\000t\000e\000g\000i\000c\000\040\000M\000i\000l\000e\000s\000t\000o\000n\000e\000s}{section.9}% 128
\BOOKMARK [3][]{subsubsection.9.11.1}{\376\377\0009\000.\0001\0001\000.\0001\000\040\000Y\000e\000a\000r\000\040\0002\000:\000\040\000E\000x\000p\000a\000n\000s\000i\000o\000n}{subsection.9.11}% 129
\BOOKMARK [3][]{subsubsection.9.11.2}{\376\377\0009\000.\0001\0001\000.\0002\000\040\000Y\000e\000a\000r\000\040\0003\000:\000\040\000M\000a\000r\000k\000e\000t\000\040\000L\000e\000a\000d\000e\000r\000s\000h\000i\000p}{subsection.9.11}% 130
\BOOKMARK [3][]{subsubsection.9.11.3}{\376\377\0009\000.\0001\0001\000.\0003\000\040\000Y\000e\000a\000r\000\040\0004\000:\000\040\000D\000i\000v\000e\000r\000s\000i\000f\000i\000c\000a\000t\000i\000o\000n}{subsection.9.11}% 131
\BOOKMARK [3][]{subsubsection.9.11.4}{\376\377\0009\000.\0001\0001\000.\0004\000\040\000Y\000e\000a\000r\000\040\0005\000:\000\040\000E\000x\000i\000t\000\040\000R\000e\000a\000d\000i\000n\000e\000s\000s}{subsection.9.11}% 132
\BOOKMARK [2][]{subsection.9.12}{\376\377\0009\000.\0001\0002\000\040\000I\000m\000p\000l\000e\000m\000e\000n\000t\000a\000t\000i\000o\000n\000\040\000G\000o\000v\000e\000r\000n\000a\000n\000c\000e}{section.9}% 133
\BOOKMARK [1][]{section.10}{\376\377\0001\0000\000\040\000M\000a\000r\000k\000e\000t\000i\000n\000g\000\040\000S\000t\000r\000a\000t\000e\000g\000y}{}% 134
\BOOKMARK [2][]{subsection.10.1}{\376\377\0001\0000\000.\0001\000\040\000T\000a\000r\000g\000e\000t\000\040\000M\000a\000r\000k\000e\000t\000\040\000S\000e\000g\000m\000e\000n\000t\000a\000t\000i\000o\000n}{section.10}% 135
\BOOKMARK [3][]{subsubsection.10.1.1}{\376\377\0001\0000\000.\0001\000.\0001\000\040\000P\000r\000i\000m\000a\000r\000y\000\040\000M\000a\000r\000k\000e\000t\000s}{subsection.10.1}% 136
\BOOKMARK [2][]{subsection.10.2}{\376\377\0001\0000\000.\0002\000\040\000B\000r\000a\000n\000d\000\040\000P\000o\000s\000i\000t\000i\000o\000n\000i\000n\000g}{section.10}% 137
\BOOKMARK [2][]{subsection.10.3}{\376\377\0001\0000\000.\0003\000\040\000M\000a\000r\000k\000e\000t\000i\000n\000g\000\040\000M\000i\000x\000\040\000S\000t\000r\000a\000t\000e\000g\000y}{section.10}% 138
\BOOKMARK [3][]{subsubsection.10.3.1}{\376\377\0001\0000\000.\0003\000.\0001\000\040\000P\000r\000o\000d\000u\000c\000t\000\040\000S\000t\000r\000a\000t\000e\000g\000y}{subsection.10.3}% 139
\BOOKMARK [3][]{subsubsection.10.3.2}{\376\377\0001\0000\000.\0003\000.\0002\000\040\000P\000r\000i\000c\000i\000n\000g\000\040\000S\000t\000r\000a\000t\000e\000g\000y}{subsection.10.3}% 140
\BOOKMARK [3][]{subsubsection.10.3.3}{\376\377\0001\0000\000.\0003\000.\0003\000\040\000P\000l\000a\000c\000e\000\040\000S\000t\000r\000a\000t\000e\000g\000y}{subsection.10.3}% 141
\BOOKMARK [3][]{subsubsection.10.3.4}{\376\377\0001\0000\000.\0003\000.\0004\000\040\000P\000r\000o\000m\000o\000t\000i\000o\000n\000\040\000S\000t\000r\000a\000t\000e\000g\000y}{subsection.10.3}% 142
\BOOKMARK [2][]{subsection.10.4}{\376\377\0001\0000\000.\0004\000\040\000D\000i\000g\000i\000t\000a\000l\000\040\000M\000a\000r\000k\000e\000t\000i\000n\000g\000\040\000C\000h\000a\000n\000n\000e\000l\000s}{section.10}% 143
\BOOKMARK [2][]{subsection.10.5}{\376\377\0001\0000\000.\0005\000\040\000C\000o\000n\000t\000e\000n\000t\000\040\000M\000a\000r\000k\000e\000t\000i\000n\000g\000\040\000S\000t\000r\000a\000t\000e\000g\000y}{section.10}% 144
\BOOKMARK [3][]{subsubsection.10.5.1}{\376\377\0001\0000\000.\0005\000.\0001\000\040\000C\000o\000n\000t\000e\000n\000t\000\040\000P\000i\000l\000l\000a\000r\000s}{subsection.10.5}% 145
\BOOKMARK [3][]{subsubsection.10.5.2}{\376\377\0001\0000\000.\0005\000.\0002\000\040\000C\000o\000n\000t\000e\000n\000t\000\040\000C\000a\000l\000e\000n\000d\000a\000r}{subsection.10.5}% 146
\BOOKMARK [2][]{subsection.10.6}{\376\377\0001\0000\000.\0006\000\040\000P\000a\000r\000t\000n\000e\000r\000s\000h\000i\000p\000\040\000M\000a\000r\000k\000e\000t\000i\000n\000g}{section.10}% 147
\BOOKMARK [2][]{subsection.10.7}{\376\377\0001\0000\000.\0007\000\040\000C\000u\000s\000t\000o\000m\000e\000r\000\040\000J\000o\000u\000r\000n\000e\000y\000\040\000O\000p\000t\000i\000m\000i\000z\000a\000t\000i\000o\000n}{section.10}% 148
\BOOKMARK [2][]{subsection.10.8}{\376\377\0001\0000\000.\0008\000\040\000L\000a\000u\000n\000c\000h\000\040\000C\000a\000m\000p\000a\000i\000g\000n\000\040\000S\000t\000r\000a\000t\000e\000g\000y}{section.10}% 149
\BOOKMARK [3][]{subsubsection.10.8.1}{\376\377\0001\0000\000.\0008\000.\0001\000\040\000P\000h\000a\000s\000e\000\040\0001\000:\000\040\000P\000r\000e\000-\000L\000a\000u\000n\000c\000h\000\040\000\050\000M\000o\000n\000t\000h\000s\000\040\0001\000-\0002\000\051}{subsection.10.8}% 150
\BOOKMARK [3][]{subsubsection.10.8.2}{\376\377\0001\0000\000.\0008\000.\0002\000\040\000P\000h\000a\000s\000e\000\040\0002\000:\000\040\000L\000a\000u\000n\000c\000h\000\040\000\050\000M\000o\000n\000t\000h\000\040\0003\000\051}{subsection.10.8}% 151
\BOOKMARK [3][]{subsubsection.10.8.3}{\376\377\0001\0000\000.\0008\000.\0003\000\040\000P\000h\000a\000s\000e\000\040\0003\000:\000\040\000G\000r\000o\000w\000t\000h\000\040\000\050\000M\000o\000n\000t\000h\000s\000\040\0004\000-\0001\0002\000\051}{subsection.10.8}% 152
\BOOKMARK [2][]{subsection.10.9}{\376\377\0001\0000\000.\0009\000\040\000M\000a\000r\000k\000e\000t\000i\000n\000g\000\040\000M\000e\000t\000r\000i\000c\000s\000\040\000\046\000\040\000K\000P\000I\000s}{section.10}% 153
\BOOKMARK [1][]{section.11}{\376\377\0001\0001\000\040\000O\000p\000e\000r\000a\000t\000i\000o\000n\000s\000\040\000P\000l\000a\000n}{}% 154
\BOOKMARK [2][]{subsection.11.1}{\376\377\0001\0001\000.\0001\000\040\000O\000p\000e\000r\000a\000t\000i\000o\000n\000a\000l\000\040\000S\000t\000r\000u\000c\000t\000u\000r\000e}{section.11}% 155
\BOOKMARK [3][]{subsubsection.11.1.1}{\376\377\0001\0001\000.\0001\000.\0001\000\040\000O\000r\000g\000a\000n\000i\000z\000a\000t\000i\000o\000n\000a\000l\000\040\000D\000e\000s\000i\000g\000n}{subsection.11.1}% 156
\BOOKMARK [2][]{subsection.11.2}{\376\377\0001\0001\000.\0002\000\040\000F\000a\000c\000i\000l\000i\000t\000y\000\040\000O\000p\000e\000r\000a\000t\000i\000o\000n\000s}{section.11}% 157
\BOOKMARK [3][]{subsubsection.11.2.1}{\376\377\0001\0001\000.\0002\000.\0001\000\040\000O\000p\000e\000r\000a\000t\000i\000n\000g\000\040\000S\000c\000h\000e\000d\000u\000l\000e}{subsection.11.2}% 158
\BOOKMARK [3][]{subsubsection.11.2.2}{\376\377\0001\0001\000.\0002\000.\0002\000\040\000C\000a\000p\000a\000c\000i\000t\000y\000\040\000M\000a\000n\000a\000g\000e\000m\000e\000n\000t}{subsection.11.2}% 159
\BOOKMARK [2][]{subsection.11.3}{\376\377\0001\0001\000.\0003\000\040\000Q\000u\000a\000l\000i\000t\000y\000\040\000A\000s\000s\000u\000r\000a\000n\000c\000e}{section.11}% 160
\BOOKMARK [3][]{subsubsection.11.3.1}{\376\377\0001\0001\000.\0003\000.\0001\000\040\000T\000r\000a\000i\000n\000i\000n\000g\000\040\000S\000t\000a\000n\000d\000a\000r\000d\000s}{subsection.11.3}% 161
\BOOKMARK [3][]{subsubsection.11.3.2}{\376\377\0001\0001\000.\0003\000.\0002\000\040\000I\000n\000s\000t\000r\000u\000c\000t\000o\000r\000\040\000S\000t\000a\000n\000d\000a\000r\000d\000s}{subsection.11.3}% 162
\BOOKMARK [2][]{subsection.11.4}{\376\377\0001\0001\000.\0004\000\040\000T\000e\000c\000h\000n\000o\000l\000o\000g\000y\000\040\000O\000p\000e\000r\000a\000t\000i\000o\000n\000s}{section.11}% 163
\BOOKMARK [3][]{subsubsection.11.4.1}{\376\377\0001\0001\000.\0004\000.\0001\000\040\000E\000q\000u\000i\000p\000m\000e\000n\000t\000\040\000M\000a\000i\000n\000t\000e\000n\000a\000n\000c\000e\000\040\000S\000c\000h\000e\000d\000u\000l\000e}{subsection.11.4}% 164
\BOOKMARK [3][]{subsubsection.11.4.2}{\376\377\0001\0001\000.\0004\000.\0002\000\040\000D\000a\000t\000a\000\040\000M\000a\000n\000a\000g\000e\000m\000e\000n\000t}{subsection.11.4}% 165
\BOOKMARK [2][]{subsection.11.5}{\376\377\0001\0001\000.\0005\000\040\000S\000u\000p\000p\000l\000y\000\040\000C\000h\000a\000i\000n\000\040\000M\000a\000n\000a\000g\000e\000m\000e\000n\000t}{section.11}% 166
\BOOKMARK [3][]{subsubsection.11.5.1}{\376\377\0001\0001\000.\0005\000.\0001\000\040\000K\000e\000y\000\040\000S\000u\000p\000p\000l\000i\000e\000r\000s}{subsection.11.5}% 167
\BOOKMARK [2][]{subsection.11.6}{\376\377\0001\0001\000.\0006\000\040\000H\000e\000a\000l\000t\000h\000,\000\040\000S\000a\000f\000e\000t\000y\000\040\000\046\000\040\000C\000o\000m\000p\000l\000i\000a\000n\000c\000e}{section.11}% 168
\BOOKMARK [3][]{subsubsection.11.6.1}{\376\377\0001\0001\000.\0006\000.\0001\000\040\000S\000a\000f\000e\000t\000y\000\040\000P\000r\000o\000t\000o\000c\000o\000l\000s}{subsection.11.6}% 169
\BOOKMARK [3][]{subsubsection.11.6.2}{\376\377\0001\0001\000.\0006\000.\0002\000\040\000C\000o\000m\000p\000l\000i\000a\000n\000c\000e\000\040\000R\000e\000q\000u\000i\000r\000e\000m\000e\000n\000t\000s}{subsection.11.6}% 170
\BOOKMARK [2][]{subsection.11.7}{\376\377\0001\0001\000.\0007\000\040\000S\000u\000s\000t\000a\000i\000n\000a\000b\000i\000l\000i\000t\000y\000\040\000O\000p\000e\000r\000a\000t\000i\000o\000n\000s}{section.11}% 171
\BOOKMARK [2][]{subsection.11.8}{\376\377\0001\0001\000.\0008\000\040\000P\000e\000r\000f\000o\000r\000m\000a\000n\000c\000e\000\040\000M\000e\000t\000r\000i\000c\000s}{section.11}% 172
\BOOKMARK [2][]{subsection.11.9}{\376\377\0001\0001\000.\0009\000\040\000C\000o\000n\000t\000i\000n\000u\000o\000u\000s\000\040\000I\000m\000p\000r\000o\000v\000e\000m\000e\000n\000t}{section.11}% 173
\BOOKMARK [3][]{subsubsection.11.9.1}{\376\377\0001\0001\000.\0009\000.\0001\000\040\000F\000e\000e\000d\000b\000a\000c\000k\000\040\000L\000o\000o\000p\000s}{subsection.11.9}% 174
\BOOKMARK [3][]{subsubsection.11.9.2}{\376\377\0001\0001\000.\0009\000.\0002\000\040\000I\000n\000n\000o\000v\000a\000t\000i\000o\000n\000\040\000P\000i\000p\000e\000l\000i\000n\000e}{subsection.11.9}% 175
\BOOKMARK [1][]{section.12}{\376\377\0001\0002\000\040\000R\000i\000s\000k\000\040\000A\000n\000a\000l\000y\000s\000i\000s}{}% 176
\BOOKMARK [2][]{subsection.12.1}{\376\377\0001\0002\000.\0001\000\040\000R\000i\000s\000k\000\040\000A\000s\000s\000e\000s\000s\000m\000e\000n\000t\000\040\000M\000a\000t\000r\000i\000x}{section.12}% 177
\BOOKMARK [2][]{subsection.12.2}{\376\377\0001\0002\000.\0002\000\040\000C\000r\000i\000t\000i\000c\000a\000l\000\040\000R\000i\000s\000k\000\040\000A\000n\000a\000l\000y\000s\000i\000s}{section.12}% 178
\BOOKMARK [3][]{subsubsection.12.2.1}{\376\377\0001\0002\000.\0002\000.\0001\000\040\000T\000e\000c\000h\000n\000o\000l\000o\000g\000y\000\040\000O\000b\000s\000o\000l\000e\000s\000c\000e\000n\000c\000e\000\040\000R\000i\000s\000k}{subsection.12.2}% 179
\BOOKMARK [3][]{subsubsection.12.2.2}{\376\377\0001\0002\000.\0002\000.\0002\000\040\000M\000a\000r\000k\000e\000t\000\040\000C\000o\000m\000p\000e\000t\000i\000t\000i\000o\000n\000\040\000R\000i\000s\000k}{subsection.12.2}% 180
\BOOKMARK [2][]{subsection.12.3}{\376\377\0001\0002\000.\0003\000\040\000F\000i\000n\000a\000n\000c\000i\000a\000l\000\040\000R\000i\000s\000k\000s}{section.12}% 181
\BOOKMARK [2][]{subsection.12.4}{\376\377\0001\0002\000.\0004\000\040\000O\000p\000e\000r\000a\000t\000i\000o\000n\000a\000l\000\040\000R\000i\000s\000k\000s}{section.12}% 182
\BOOKMARK [3][]{subsubsection.12.4.1}{\376\377\0001\0002\000.\0004\000.\0001\000\040\000K\000e\000y\000\040\000P\000e\000r\000s\000o\000n\000\040\000D\000e\000p\000e\000n\000d\000e\000n\000c\000y}{subsection.12.4}% 183
\BOOKMARK [3][]{subsubsection.12.4.2}{\376\377\0001\0002\000.\0004\000.\0002\000\040\000E\000q\000u\000i\000p\000m\000e\000n\000t\000\040\000F\000a\000i\000l\000u\000r\000e}{subsection.12.4}% 184
\BOOKMARK [2][]{subsection.12.5}{\376\377\0001\0002\000.\0005\000\040\000M\000a\000r\000k\000e\000t\000-\000S\000p\000e\000c\000i\000f\000i\000c\000\040\000R\000i\000s\000k\000s}{section.12}% 185
\BOOKMARK [3][]{subsubsection.12.5.1}{\376\377\0001\0002\000.\0005\000.\0001\000\040\000C\000r\000e\000a\000t\000i\000v\000e\000\040\000I\000n\000d\000u\000s\000t\000r\000y\000\040\000V\000o\000l\000a\000t\000i\000l\000i\000t\000y}{subsection.12.5}% 186
\BOOKMARK [3][]{subsubsection.12.5.2}{\376\377\0001\0002\000.\0005\000.\0002\000\040\000A\000g\000e\000n\000t\000i\000c\000\040\000S\000y\000s\000t\000e\000m\000s\000\040\000A\000d\000o\000p\000t\000i\000o\000n\000\040\000R\000i\000s\000k}{subsection.12.5}% 187
\BOOKMARK [2][]{subsection.12.6}{\376\377\0001\0002\000.\0006\000\040\000R\000e\000g\000u\000l\000a\000t\000o\000r\000y\000\040\000a\000n\000d\000\040\000C\000o\000m\000p\000l\000i\000a\000n\000c\000e\000\040\000R\000i\000s\000k\000s}{section.12}% 188
\BOOKMARK [2][]{subsection.12.7}{\376\377\0001\0002\000.\0007\000\040\000R\000i\000s\000k\000\040\000M\000o\000n\000i\000t\000o\000r\000i\000n\000g\000\040\000F\000r\000a\000m\000e\000w\000o\000r\000k}{section.12}% 189
\BOOKMARK [2][]{subsection.12.8}{\376\377\0001\0002\000.\0008\000\040\000I\000n\000s\000u\000r\000a\000n\000c\000e\000\040\000C\000o\000v\000e\000r\000a\000g\000e}{section.12}% 190
\BOOKMARK [2][]{subsection.12.9}{\376\377\0001\0002\000.\0009\000\040\000S\000c\000e\000n\000a\000r\000i\000o\000\040\000P\000l\000a\000n\000n\000i\000n\000g}{section.12}% 191
\BOOKMARK [3][]{subsubsection.12.9.1}{\376\377\0001\0002\000.\0009\000.\0001\000\040\000B\000e\000s\000t\000\040\000C\000a\000s\000e\000\040\000S\000c\000e\000n\000a\000r\000i\000o}{subsection.12.9}% 192
\BOOKMARK [3][]{subsubsection.12.9.2}{\376\377\0001\0002\000.\0009\000.\0002\000\040\000B\000a\000s\000e\000\040\000C\000a\000s\000e\000\040\000S\000c\000e\000n\000a\000r\000i\000o}{subsection.12.9}% 193
\BOOKMARK [3][]{subsubsection.12.9.3}{\376\377\0001\0002\000.\0009\000.\0003\000\040\000W\000o\000r\000s\000t\000\040\000C\000a\000s\000e\000\040\000S\000c\000e\000n\000a\000r\000i\000o}{subsection.12.9}% 194
\BOOKMARK [2][]{subsection.12.10}{\376\377\0001\0002\000.\0001\0000\000\040\000R\000i\000s\000k\000\040\000M\000i\000t\000i\000g\000a\000t\000i\000o\000n\000\040\000B\000u\000d\000g\000e\000t}{section.12}% 195
\BOOKMARK [1][]{section.13}{\376\377\0001\0003\000\040\000D\000e\000t\000a\000i\000l\000e\000d\000\040\000E\000q\000u\000i\000p\000m\000e\000n\000t\000\040\000S\000p\000e\000c\000i\000f\000i\000c\000a\000t\000i\000o\000n\000s}{}% 196
\BOOKMARK [2][]{subsection.13.1}{\376\377\0001\0003\000.\0001\000\040\000C\000o\000r\000e\000\040\000A\000I\000\040\000I\000n\000f\000r\000a\000s\000t\000r\000u\000c\000t\000u\000r\000e}{section.13}% 197
\BOOKMARK [3][]{subsubsection.13.1.1}{\376\377\0001\0003\000.\0001\000.\0001\000\040\000N\000V\000I\000D\000I\000A\000\040\000D\000G\000X\000\040\000A\0001\0000\0000\000\040\000S\000y\000s\000t\000e\000m}{subsection.13.1}% 198
\BOOKMARK [3][]{subsubsection.13.1.2}{\376\377\0001\0003\000.\0001\000.\0002\000\040\000S\000t\000u\000d\000e\000n\000t\000\040\000W\000o\000r\000k\000s\000t\000a\000t\000i\000o\000n\000s}{subsection.13.1}% 199
\BOOKMARK [2][]{subsection.13.2}{\376\377\0001\0003\000.\0002\000\040\000N\000e\000t\000w\000o\000r\000k\000\040\000I\000n\000f\000r\000a\000s\000t\000r\000u\000c\000t\000u\000r\000e}{section.13}% 200
\BOOKMARK [3][]{subsubsection.13.2.1}{\376\377\0001\0003\000.\0002\000.\0001\000\040\000C\000o\000r\000e\000\040\000N\000e\000t\000w\000o\000r\000k}{subsection.13.2}% 201
\BOOKMARK [3][]{subsubsection.13.2.2}{\376\377\0001\0003\000.\0002\000.\0002\000\040\000S\000t\000o\000r\000a\000g\000e\000\040\000S\000y\000s\000t\000e\000m\000s}{subsection.13.2}% 202
\BOOKMARK [2][]{subsection.13.3}{\376\377\0001\0003\000.\0003\000\040\000E\000d\000g\000e\000\040\000A\000I\000\040\000D\000e\000v\000e\000l\000o\000p\000m\000e\000n\000t\000\040\000K\000i\000t}{section.13}% 203
\BOOKMARK [3][]{subsubsection.13.3.1}{\376\377\0001\0003\000.\0003\000.\0001\000\040\000H\000a\000r\000d\000w\000a\000r\000e\000\040\000I\000n\000v\000e\000n\000t\000o\000r\000y}{subsection.13.3}% 204
\BOOKMARK [2][]{subsection.13.4}{\376\377\0001\0003\000.\0004\000\040\000S\000o\000f\000t\000w\000a\000r\000e\000\040\000L\000i\000c\000e\000n\000s\000e\000s}{section.13}% 205
\BOOKMARK [3][]{subsubsection.13.4.1}{\376\377\0001\0003\000.\0004\000.\0001\000\040\000D\000e\000v\000e\000l\000o\000p\000m\000e\000n\000t\000\040\000T\000o\000o\000l\000s}{subsection.13.4}% 206
\BOOKMARK [2][]{subsection.13.5}{\376\377\0001\0003\000.\0005\000\040\000S\000p\000e\000c\000i\000a\000l\000i\000s\000e\000d\000\040\000E\000q\000u\000i\000p\000m\000e\000n\000t}{section.13}% 207
\BOOKMARK [3][]{subsubsection.13.5.1}{\376\377\0001\0003\000.\0005\000.\0001\000\040\000C\000o\000m\000p\000u\000t\000e\000r\000\040\000V\000i\000s\000i\000o\000n\000\040\000L\000a\000b}{subsection.13.5}% 208
\BOOKMARK [3][]{subsubsection.13.5.2}{\376\377\0001\0003\000.\0005\000.\0002\000\040\000R\000o\000b\000o\000t\000i\000c\000s\000\040\000I\000n\000t\000e\000g\000r\000a\000t\000i\000o\000n}{subsection.13.5}% 209
\BOOKMARK [2][]{subsection.13.6}{\376\377\0001\0003\000.\0006\000\040\000S\000u\000p\000p\000o\000r\000t\000i\000n\000g\000\040\000I\000n\000f\000r\000a\000s\000t\000r\000u\000c\000t\000u\000r\000e}{section.13}% 210
\BOOKMARK [3][]{subsubsection.13.6.1}{\376\377\0001\0003\000.\0006\000.\0001\000\040\000A\000u\000d\000i\000o\000/\000V\000i\000s\000u\000a\000l\000\040\000S\000y\000s\000t\000e\000m\000s}{subsection.13.6}% 211
\BOOKMARK [2][]{subsection.13.7}{\376\377\0001\0003\000.\0007\000\040\000M\000a\000i\000n\000t\000e\000n\000a\000n\000c\000e\000\040\000a\000n\000d\000\040\000S\000u\000p\000p\000o\000r\000t}{section.13}% 212
\BOOKMARK [1][]{section.14}{\376\377\0001\0004\000\040\000S\000o\000l\000a\000r\000\040\000I\000n\000v\000e\000s\000t\000m\000e\000n\000t\000\040\000A\000n\000a\000l\000y\000s\000i\000s}{}% 213
\BOOKMARK [2][]{subsection.14.1}{\376\377\0001\0004\000.\0001\000\040\000S\000y\000s\000t\000e\000m\000\040\000D\000e\000s\000i\000g\000n\000\040\000S\000p\000e\000c\000i\000f\000i\000c\000a\000t\000i\000o\000n\000s}{section.14}% 214
\BOOKMARK [3][]{subsubsection.14.1.1}{\376\377\0001\0004\000.\0001\000.\0001\000\040\000S\000o\000l\000a\000r\000\040\000A\000r\000r\000a\000y\000\040\000C\000o\000n\000f\000i\000g\000u\000r\000a\000t\000i\000o\000n}{subsection.14.1}% 215
\BOOKMARK [3][]{subsubsection.14.1.2}{\376\377\0001\0004\000.\0001\000.\0002\000\040\000E\000x\000p\000e\000c\000t\000e\000d\000\040\000P\000e\000r\000f\000o\000r\000m\000a\000n\000c\000e}{subsection.14.1}% 216
\BOOKMARK [2][]{subsection.14.2}{\376\377\0001\0004\000.\0002\000\040\000F\000i\000n\000a\000n\000c\000i\000a\000l\000\040\000A\000n\000a\000l\000y\000s\000i\000s}{section.14}% 217
\BOOKMARK [3][]{subsubsection.14.2.1}{\376\377\0001\0004\000.\0002\000.\0001\000\040\000I\000n\000v\000e\000s\000t\000m\000e\000n\000t\000\040\000B\000r\000e\000a\000k\000d\000o\000w\000n}{subsection.14.2}% 218
\BOOKMARK [3][]{subsubsection.14.2.2}{\376\377\0001\0004\000.\0002\000.\0002\000\040\000R\000e\000v\000e\000n\000u\000e\000\040\000a\000n\000d\000\040\000S\000a\000v\000i\000n\000g\000s\000\040\000M\000o\000d\000e\000l}{subsection.14.2}% 219
\BOOKMARK [3][]{subsubsection.14.2.3}{\376\377\0001\0004\000.\0002\000.\0003\000\040\000A\000n\000n\000u\000a\000l\000\040\000C\000a\000s\000h\000\040\000F\000l\000o\000w\000\040\000A\000n\000a\000l\000y\000s\000i\000s}{subsection.14.2}% 220
\BOOKMARK [2][]{subsection.14.3}{\376\377\0001\0004\000.\0003\000\040\000E\000n\000v\000i\000r\000o\000n\000m\000e\000n\000t\000a\000l\000\040\000I\000m\000p\000a\000c\000t}{section.14}% 221
\BOOKMARK [3][]{subsubsection.14.3.1}{\376\377\0001\0004\000.\0003\000.\0001\000\040\000C\000a\000r\000b\000o\000n\000\040\000F\000o\000o\000t\000p\000r\000i\000n\000t\000\040\000R\000e\000d\000u\000c\000t\000i\000o\000n}{subsection.14.3}% 222
\BOOKMARK [3][]{subsubsection.14.3.2}{\376\377\0001\0004\000.\0003\000.\0002\000\040\000S\000u\000s\000t\000a\000i\000n\000a\000b\000i\000l\000i\000t\000y\000\040\000M\000e\000t\000r\000i\000c\000s}{subsection.14.3}% 223
\BOOKMARK [2][]{subsection.14.4}{\376\377\0001\0004\000.\0004\000\040\000B\000a\000t\000t\000e\000r\000y\000\040\000S\000t\000o\000r\000a\000g\000e\000\040\000B\000e\000n\000e\000f\000i\000t\000s}{section.14}% 224
\BOOKMARK [3][]{subsubsection.14.4.1}{\376\377\0001\0004\000.\0004\000.\0001\000\040\000O\000p\000e\000r\000a\000t\000i\000o\000n\000a\000l\000\040\000A\000d\000v\000a\000n\000t\000a\000g\000e\000s}{subsection.14.4}% 225
\BOOKMARK [3][]{subsubsection.14.4.2}{\376\377\0001\0004\000.\0004\000.\0002\000\040\000F\000i\000n\000a\000n\000c\000i\000a\000l\000\040\000M\000o\000d\000e\000l\000\040\000w\000i\000t\000h\000\040\000S\000t\000o\000r\000a\000g\000e}{subsection.14.4}% 226
\BOOKMARK [2][]{subsection.14.5}{\376\377\0001\0004\000.\0005\000\040\000R\000i\000s\000k\000\040\000M\000i\000t\000i\000g\000a\000t\000i\000o\000n}{section.14}% 227
\BOOKMARK [3][]{subsubsection.14.5.1}{\376\377\0001\0004\000.\0005\000.\0001\000\040\000T\000e\000c\000h\000n\000i\000c\000a\000l\000\040\000R\000i\000s\000k\000s}{subsection.14.5}% 228
\BOOKMARK [3][]{subsubsection.14.5.2}{\376\377\0001\0004\000.\0005\000.\0002\000\040\000F\000i\000n\000a\000n\000c\000i\000a\000l\000\040\000R\000i\000s\000k\000s}{subsection.14.5}% 229
\BOOKMARK [2][]{subsection.14.6}{\376\377\0001\0004\000.\0006\000\040\000I\000m\000p\000l\000e\000m\000e\000n\000t\000a\000t\000i\000o\000n\000\040\000T\000i\000m\000e\000l\000i\000n\000e}{section.14}% 230
\BOOKMARK [2][]{subsection.14.7}{\376\377\0001\0004\000.\0007\000\040\000M\000o\000n\000i\000t\000o\000r\000i\000n\000g\000\040\000a\000n\000d\000\040\000O\000p\000t\000i\000m\000i\000z\000a\000t\000i\000o\000n}{section.14}% 231
\BOOKMARK [1][]{section.15}{\376\377\0001\0005\000\040\000D\000e\000t\000a\000i\000l\000e\000d\000\040\000T\000r\000a\000i\000n\000i\000n\000g\000\040\000P\000a\000c\000k\000a\000g\000e\000\040\000S\000p\000e\000c\000i\000f\000i\000c\000a\000t\000i\000o\000n\000s}{}% 232
\BOOKMARK [2][]{subsection.15.1}{\376\377\0001\0005\000.\0001\000\040\000F\000o\000u\000n\000d\000a\000t\000i\000o\000n\000\040\000P\000r\000o\000g\000r\000a\000m\000m\000e\000\040\000D\000e\000t\000a\000i\000l\000s}{section.15}% 233
\BOOKMARK [3][]{subsubsection.15.1.1}{\376\377\0001\0005\000.\0001\000.\0001\000\040\000A\000I\000\040\000F\000u\000n\000d\000a\000m\000e\000n\000t\000a\000l\000s\000\040\000B\000o\000o\000t\000c\000a\000m\000p\000\040\000\050\0003\000\040\000D\000a\000y\000s\000\051}{subsection.15.1}% 234
\BOOKMARK [3][]{subsubsection.15.1.2}{\376\377\0001\0005\000.\0001\000.\0002\000\040\000L\000e\000a\000r\000n\000i\000n\000g\000\040\000O\000u\000t\000c\000o\000m\000e\000s\000\040\000M\000a\000t\000r\000i\000x}{subsection.15.1}% 235
\BOOKMARK [2][]{subsection.15.2}{\376\377\0001\0005\000.\0002\000\040\000A\000d\000v\000a\000n\000c\000e\000d\000\040\000P\000r\000o\000g\000r\000a\000m\000m\000e\000\040\000C\000u\000r\000r\000i\000c\000u\000l\000a}{section.15}% 236
\BOOKMARK [3][]{subsubsection.15.2.1}{\376\377\0001\0005\000.\0002\000.\0001\000\040\000D\000e\000e\000p\000\040\000L\000e\000a\000r\000n\000i\000n\000g\000\040\000I\000n\000t\000e\000n\000s\000i\000v\000e\000\040\000\050\0005\000\040\000D\000a\000y\000s\000\051}{subsection.15.2}% 237
\BOOKMARK [3][]{subsubsection.15.2.2}{\376\377\0001\0005\000.\0002\000.\0002\000\040\000M\000L\000O\000p\000s\000\040\000a\000n\000d\000\040\000P\000r\000o\000d\000u\000c\000t\000i\000o\000n\000\040\000A\000I\000\040\000\050\0004\000\040\000D\000a\000y\000s\000\051}{subsection.15.2}% 238
\BOOKMARK [2][]{subsection.15.3}{\376\377\0001\0005\000.\0003\000\040\000C\000o\000r\000p\000o\000r\000a\000t\000e\000\040\000T\000r\000a\000i\000n\000i\000n\000g\000\040\000C\000u\000s\000t\000o\000m\000i\000z\000a\000t\000i\000o\000n}{section.15}% 239
\BOOKMARK [3][]{subsubsection.15.3.1}{\376\377\0001\0005\000.\0003\000.\0001\000\040\000I\000n\000d\000u\000s\000t\000r\000y\000-\000S\000p\000e\000c\000i\000f\000i\000c\000\040\000M\000o\000d\000u\000l\000e\000s}{subsection.15.3}% 240
\BOOKMARK [3][]{subsubsection.15.3.2}{\376\377\0001\0005\000.\0003\000.\0002\000\040\000T\000e\000a\000m\000\040\000P\000a\000c\000k\000a\000g\000e\000\040\000C\000o\000m\000p\000o\000n\000e\000n\000t\000s}{subsection.15.3}% 241
\BOOKMARK [2][]{subsection.15.4}{\376\377\0001\0005\000.\0004\000\040\000O\000n\000l\000i\000n\000e\000\040\000a\000n\000d\000\040\000H\000y\000b\000r\000i\000d\000\040\000F\000o\000r\000m\000a\000t\000s}{section.15}% 242
\BOOKMARK [3][]{subsubsection.15.4.1}{\376\377\0001\0005\000.\0004\000.\0001\000\040\000S\000e\000l\000f\000-\000P\000a\000c\000e\000d\000\040\000O\000n\000l\000i\000n\000e\000\040\000S\000t\000r\000u\000c\000t\000u\000r\000e}{subsection.15.4}% 243
\BOOKMARK [3][]{subsubsection.15.4.2}{\376\377\0001\0005\000.\0004\000.\0002\000\040\000H\000y\000b\000r\000i\000d\000\040\000L\000e\000a\000r\000n\000i\000n\000g\000\040\000P\000a\000t\000h\000w\000a\000y\000s}{subsection.15.4}% 244
\BOOKMARK [2][]{subsection.15.5}{\376\377\0001\0005\000.\0005\000\040\000C\000e\000r\000t\000i\000f\000i\000c\000a\000t\000i\000o\000n\000\040\000a\000n\000d\000\040\000A\000c\000c\000r\000e\000d\000i\000t\000a\000t\000i\000o\000n}{section.15}% 245
\BOOKMARK [3][]{subsubsection.15.5.1}{\376\377\0001\0005\000.\0005\000.\0001\000\040\000C\000e\000r\000t\000i\000f\000i\000c\000a\000t\000i\000o\000n\000\040\000L\000e\000v\000e\000l\000s}{subsection.15.5}% 246
\BOOKMARK [3][]{subsubsection.15.5.2}{\376\377\0001\0005\000.\0005\000.\0002\000\040\000C\000o\000n\000t\000i\000n\000u\000i\000n\000g\000\040\000E\000d\000u\000c\000a\000t\000i\000o\000n}{subsection.15.5}% 247
\BOOKMARK [1][]{section.16}{\376\377\0001\0006\000\040\000A\000g\000e\000n\000t\000i\000c\000\040\000E\000n\000g\000i\000n\000e\000e\000r\000i\000n\000g\000\040\000\046\000\040\000A\000u\000t\000o\000n\000o\000m\000o\000u\000s\000\040\000S\000y\000s\000t\000e\000m\000s\000\040\000T\000r\000a\000i\000n\000i\000n\000g}{}% 248
\BOOKMARK [2][]{subsection.16.1}{\376\377\0001\0006\000.\0001\000\040\000T\000h\000e\000\040\000F\000u\000t\000u\000r\000e\000\040\000o\000f\000\040\000E\000n\000g\000i\000n\000e\000e\000r\000i\000n\000g\000:\000\040\000A\000g\000e\000n\000t\000i\000c\000\040\000S\000y\000s\000t\000e\000m\000s}{section.16}% 249
\BOOKMARK [2][]{subsection.16.2}{\376\377\0001\0006\000.\0002\000\040\000C\000o\000r\000e\000\040\000A\000g\000e\000n\000t\000i\000c\000\040\000E\000n\000g\000i\000n\000e\000e\000r\000i\000n\000g\000\040\000P\000r\000o\000g\000r\000a\000m\000s}{section.16}% 250
\BOOKMARK [3][]{subsubsection.16.2.1}{\376\377\0001\0006\000.\0002\000.\0001\000\040\000F\000o\000u\000n\000d\000a\000t\000i\000o\000n\000a\000l\000\040\000A\000g\000e\000n\000t\000i\000c\000\040\000S\000y\000s\000t\000e\000m\000s}{subsection.16.2}% 251
\BOOKMARK [3][]{subsubsection.16.2.2}{\376\377\0001\0006\000.\0002\000.\0002\000\040\000S\000p\000e\000c\000i\000a\000l\000i\000z\000e\000d\000\040\000A\000g\000e\000n\000t\000i\000c\000\040\000A\000p\000p\000l\000i\000c\000a\000t\000i\000o\000n\000s}{subsection.16.2}% 252
\BOOKMARK [3][]{subsubsection.16.2.3}{\376\377\0001\0006\000.\0002\000.\0003\000\040\000E\000n\000g\000i\000n\000e\000e\000r\000i\000n\000g\000-\000S\000p\000e\000c\000i\000f\000i\000c\000\040\000A\000g\000e\000n\000t\000i\000c\000\040\000S\000y\000s\000t\000e\000m\000s}{subsection.16.2}% 253
\BOOKMARK [2][]{subsection.16.3}{\376\377\0001\0006\000.\0003\000\040\000T\000h\000e\000\040\000A\000g\000e\000n\000t\000i\000c\000\040\000E\000n\000g\000i\000n\000e\000e\000r\000i\000n\000g\000\040\000L\000a\000b}{section.16}% 254
\BOOKMARK [3][]{subsubsection.16.3.1}{\376\377\0001\0006\000.\0003\000.\0001\000\040\000I\000n\000f\000r\000a\000s\000t\000r\000u\000c\000t\000u\000r\000e\000\040\000f\000o\000r\000\040\000A\000g\000e\000n\000t\000\040\000D\000e\000v\000e\000l\000o\000p\000m\000e\000n\000t}{subsection.16.3}% 255
\BOOKMARK [3][]{subsubsection.16.3.2}{\376\377\0001\0006\000.\0003\000.\0002\000\040\000S\000o\000f\000t\000w\000a\000r\000e\000\040\000S\000t\000a\000c\000k}{subsection.16.3}% 256
\BOOKMARK [2][]{subsection.16.4}{\376\377\0001\0006\000.\0004\000\040\000I\000n\000d\000u\000s\000t\000r\000y\000\040\000A\000p\000p\000l\000i\000c\000a\000t\000i\000o\000n\000s\000\040\000\046\000\040\000C\000a\000s\000e\000\040\000S\000t\000u\000d\000i\000e\000s}{section.16}% 257
\BOOKMARK [3][]{subsubsection.16.4.1}{\376\377\0001\0006\000.\0004\000.\0001\000\040\000M\000a\000n\000u\000f\000a\000c\000t\000u\000r\000i\000n\000g\000\040\000\046\000\040\000I\000n\000d\000u\000s\000t\000r\000y\000\040\0004\000.\0000}{subsection.16.4}% 258
\BOOKMARK [3][]{subsubsection.16.4.2}{\376\377\0001\0006\000.\0004\000.\0002\000\040\000C\000r\000e\000a\000t\000i\000v\000e\000\040\000I\000n\000d\000u\000s\000t\000r\000i\000e\000s}{subsection.16.4}% 259
\BOOKMARK [3][]{subsubsection.16.4.3}{\376\377\0001\0006\000.\0004\000.\0003\000\040\000E\000n\000g\000i\000n\000e\000e\000r\000i\000n\000g\000\040\000\046\000\040\000S\000i\000m\000u\000l\000a\000t\000i\000o\000n}{subsection.16.4}% 260
\BOOKMARK [2][]{subsection.16.5}{\376\377\0001\0006\000.\0005\000\040\000C\000o\000r\000p\000o\000r\000a\000t\000e\000\040\000A\000g\000e\000n\000t\000i\000c\000\040\000T\000r\000a\000n\000s\000f\000o\000r\000m\000a\000t\000i\000o\000n\000\040\000P\000r\000o\000g\000r\000a\000m\000s}{section.16}% 261
\BOOKMARK [2][]{subsection.16.6}{\376\377\0001\0006\000.\0006\000\040\000R\000e\000s\000e\000a\000r\000c\000h\000\040\000\046\000\040\000D\000e\000v\000e\000l\000o\000p\000m\000e\000n\000t\000\040\000P\000a\000r\000t\000n\000e\000r\000s\000h\000i\000p\000s}{section.16}% 262
\BOOKMARK [2][]{subsection.16.7}{\376\377\0001\0006\000.\0007\000\040\000C\000e\000r\000t\000i\000f\000i\000c\000a\000t\000i\000o\000n\000\040\000\046\000\040\000C\000a\000r\000e\000e\000r\000\040\000P\000a\000t\000h\000w\000a\000y\000s}{section.16}% 263
\BOOKMARK [2][]{subsection.16.8}{\376\377\0001\0006\000.\0008\000\040\000O\000n\000l\000i\000n\000e\000\040\000\046\000\040\000H\000y\000b\000r\000i\000d\000\040\000A\000g\000e\000n\000t\000i\000c\000\040\000P\000r\000o\000g\000r\000a\000m\000s}{section.16}% 264
\BOOKMARK [2][]{subsection.16.9}{\376\377\0001\0006\000.\0009\000\040\000T\000h\000e\000\040\000A\000g\000e\000n\000t\000i\000c\000\040\000A\000d\000v\000a\000n\000t\000a\000g\000e}{section.16}% 265
