\BOOKMARK [1][]{section.1}{\376\377\0001\000\040\000E\000x\000e\000c\000u\000t\000i\000v\000e\000\040\000S\000u\000m\000m\000a\000r\000y}{}% 1
\BOOKMARK [1][]{section.1}{\376\377\000E\000x\000e\000c\000u\000t\000i\000v\000e\000\040\000S\000u\000m\000m\000a\000r\000y}{}% 2
\BOOKMARK [1][]{section.2}{\376\377\0002\000\040\000C\000o\000m\000p\000a\000n\000y\000\040\000O\000v\000e\000r\000v\000i\000e\000w}{}% 3
\BOOKMARK [2][]{subsection.2.1}{\376\377\0002\000.\0001\000\040\000V\000i\000s\000i\000o\000n\000\040\000a\000n\000d\000\040\000M\000i\000s\000s\000i\000o\000n}{section.2}% 4
\BOOKMARK [2][]{subsection.2.2}{\376\377\0002\000.\0002\000\040\000C\000o\000m\000p\000a\000n\000y\000\040\000S\000t\000r\000u\000c\000t\000u\000r\000e}{section.2}% 5
\BOOKMARK [2][]{subsection.2.3}{\376\377\0002\000.\0003\000\040\000L\000o\000c\000a\000t\000i\000o\000n\000\040\000a\000n\000d\000\040\000F\000a\000c\000i\000l\000i\000t\000i\000e\000s}{section.2}% 6
\BOOKMARK [1][]{section.3}{\376\377\0003\000\040\000M\000a\000r\000k\000e\000t\000\040\000O\000p\000p\000o\000r\000t\000u\000n\000i\000t\000y}{}% 7
\BOOKMARK [2][]{subsection.3.1}{\376\377\0003\000.\0001\000\040\000N\000u\000c\000l\000e\000a\000r\000\040\000I\000n\000d\000u\000s\000t\000r\000y\000\040\000G\000r\000o\000w\000t\000h}{section.3}% 8
\BOOKMARK [2][]{subsection.3.2}{\376\377\0003\000.\0002\000\040\000S\000e\000l\000l\000a\000f\000i\000e\000l\000d\000\040\000E\000c\000o\000s\000y\000s\000t\000e\000m}{section.3}% 9
\BOOKMARK [2][]{subsection.3.3}{\376\377\0003\000.\0003\000\040\000M\000a\000r\000k\000e\000t\000\040\000S\000i\000z\000i\000n\000g}{section.3}% 10
\BOOKMARK [1][]{section.4}{\376\377\0004\000\040\000S\000e\000r\000v\000i\000c\000e\000\040\000O\000f\000f\000e\000r\000i\000n\000g\000s}{}% 11
\BOOKMARK [2][]{subsection.4.1}{\376\377\0004\000.\0001\000\040\000E\000x\000e\000c\000u\000t\000i\000v\000e\000\040\000T\000r\000a\000i\000n\000i\000n\000g\000\040\000P\000r\000o\000g\000r\000a\000m\000s}{section.4}% 12
\BOOKMARK [2][]{subsection.4.2}{\376\377\0004\000.\0002\000\040\000P\000r\000e\000m\000i\000u\000m\000\040\000A\000c\000c\000o\000m\000m\000o\000d\000a\000t\000i\000o\000n}{section.4}% 13
\BOOKMARK [1][]{section.5}{\376\377\0005\000\040\000F\000a\000c\000i\000l\000i\000t\000y\000\040\000D\000e\000s\000c\000r\000i\000p\000t\000i\000o\000n}{}% 14
\BOOKMARK [2][]{subsection.5.1}{\376\377\0005\000.\0001\000\040\000T\000r\000a\000i\000n\000i\000n\000g\000\040\000L\000a\000b\000\040\000S\000p\000e\000c\000i\000f\000i\000c\000a\000t\000i\000o\000n\000s}{section.5}% 15
\BOOKMARK [2][]{subsection.5.2}{\376\377\0005\000.\0002\000\040\000S\000u\000s\000t\000a\000i\000n\000a\000b\000i\000l\000i\000t\000y\000\040\000F\000e\000a\000t\000u\000r\000e\000s}{section.5}% 16
\BOOKMARK [1][]{section.6}{\376\377\0006\000\040\000B\000u\000s\000i\000n\000e\000s\000s\000\040\000M\000o\000d\000e\000l}{}% 17
\BOOKMARK [2][]{subsection.6.1}{\376\377\0006\000.\0001\000\040\000R\000e\000v\000e\000n\000u\000e\000\040\000S\000t\000r\000e\000a\000m\000s}{section.6}% 18
\BOOKMARK [2][]{subsection.6.2}{\376\377\0006\000.\0002\000\040\000P\000r\000i\000c\000i\000n\000g\000\040\000S\000t\000r\000a\000t\000e\000g\000y}{section.6}% 19
\BOOKMARK [2][]{subsection.6.3}{\376\377\0006\000.\0003\000\040\000C\000u\000s\000t\000o\000m\000e\000r\000\040\000A\000c\000q\000u\000i\000s\000i\000t\000i\000o\000n}{section.6}% 20
\BOOKMARK [1][]{section.7}{\376\377\0007\000\040\000F\000i\000n\000a\000n\000c\000i\000a\000l\000\040\000P\000r\000o\000j\000e\000c\000t\000i\000o\000n\000s}{}% 21
\BOOKMARK [2][]{subsection.7.1}{\376\377\0007\000.\0001\000\040\000I\000n\000v\000e\000s\000t\000m\000e\000n\000t\000\040\000S\000u\000m\000m\000a\000r\000y}{section.7}% 22
\BOOKMARK [2][]{subsection.7.2}{\376\377\0007\000.\0002\000\040\000F\000i\000v\000e\000-\000Y\000e\000a\000r\000\040\000F\000i\000n\000a\000n\000c\000i\000a\000l\000\040\000P\000r\000o\000j\000e\000c\000t\000i\000o\000n\000s}{section.7}% 23
\BOOKMARK [2][]{subsection.7.3}{\376\377\0007\000.\0003\000\040\000K\000e\000y\000\040\000F\000i\000n\000a\000n\000c\000i\000a\000l\000\040\000M\000e\000t\000r\000i\000c\000s}{section.7}% 24
\BOOKMARK [1][]{section.8}{\376\377\0008\000\040\000R\000i\000s\000k\000\040\000A\000n\000a\000l\000y\000s\000i\000s}{}% 25
\BOOKMARK [2][]{subsection.8.1}{\376\377\0008\000.\0001\000\040\000R\000i\000s\000k\000\040\000M\000a\000t\000r\000i\000x}{section.8}% 26
\BOOKMARK [2][]{subsection.8.2}{\376\377\0008\000.\0002\000\040\000S\000c\000e\000n\000a\000r\000i\000o\000\040\000A\000n\000a\000l\000y\000s\000i\000s}{section.8}% 27
\BOOKMARK [1][]{section.9}{\376\377\0009\000\040\000I\000m\000p\000l\000e\000m\000e\000n\000t\000a\000t\000i\000o\000n\000\040\000T\000i\000m\000e\000l\000i\000n\000e}{}% 28
\BOOKMARK [1][]{section.10}{\376\377\0001\0000\000\040\000T\000e\000a\000m\000\040\000a\000n\000d\000\040\000G\000o\000v\000e\000r\000n\000a\000n\000c\000e}{}% 29
\BOOKMARK [2][]{subsection.10.1}{\376\377\0001\0000\000.\0001\000\040\000M\000a\000n\000a\000g\000e\000m\000e\000n\000t\000\040\000T\000e\000a\000m}{section.10}% 30
\BOOKMARK [2][]{subsection.10.2}{\376\377\0001\0000\000.\0002\000\040\000A\000d\000v\000i\000s\000o\000r\000y\000\040\000B\000o\000a\000r\000d}{section.10}% 31
\BOOKMARK [1][]{section.11}{\376\377\0001\0001\000\040\000E\000x\000i\000t\000\040\000S\000t\000r\000a\000t\000e\000g\000y}{}% 32
\BOOKMARK [2][]{subsection.11.1}{\376\377\0001\0001\000.\0001\000\040\000E\000x\000i\000t\000\040\000O\000p\000t\000i\000o\000n\000s}{section.11}% 33
\BOOKMARK [1][]{appendix.A}{\376\377\000A\000\040\000M\000a\000r\000k\000e\000t\000\040\000R\000e\000s\000e\000a\000r\000c\000h\000\040\000D\000a\000t\000a}{}% 34
\BOOKMARK [2][]{subsection.A.1}{\376\377\000A\000.\0001\000\040\000N\000u\000c\000l\000e\000a\000r\000\040\000I\000n\000d\000u\000s\000t\000r\000y\000\040\000S\000t\000a\000t\000i\000s\000t\000i\000c\000s}{appendix.A}% 35
\BOOKMARK [2][]{subsection.A.2}{\376\377\000A\000.\0002\000\040\000C\000o\000m\000p\000e\000t\000i\000t\000o\000r\000\040\000A\000n\000a\000l\000y\000s\000i\000s}{appendix.A}% 36
\BOOKMARK [1][]{appendix.B}{\376\377\000B\000\040\000F\000i\000n\000a\000n\000c\000i\000a\000l\000\040\000M\000o\000d\000e\000l\000\040\000D\000e\000t\000a\000i\000l\000s}{}% 37
\BOOKMARK [2][]{subsection.B.1}{\376\377\000B\000.\0001\000\040\000R\000e\000v\000e\000n\000u\000e\000\040\000A\000s\000s\000u\000m\000p\000t\000i\000o\000n\000s}{appendix.B}% 38
\BOOKMARK [2][]{subsection.B.2}{\376\377\000B\000.\0002\000\040\000C\000o\000s\000t\000\040\000S\000t\000r\000u\000c\000t\000u\000r\000e}{appendix.B}% 39
